18000,27200,180000,272000,17100
27700,171000,277000,16200,27000
162000,270000,15300,27200,153000
272000,15300,26700,153000,267000
15400,26400,154000,264000,15400
26500,154000,265000,15600,26800
156000,268000,15800,26200,158000
262000,16000,26500,160000,265000
15800,26800,158000,268000,15500
26300,155000,263000,15200,26300
152000,263000,15100,26400,151000
264000,15000,25900,150000,259000
14900,25900,149000,259000,15000
25500,150000,255000,15100,25900
151000,259000,15100,25500,151000
255000,15300,26200,153000,262000
15500,25900,155000,259000,15700
25400,157000,254000,16700,25700
167000,257000,17600,25700,176000
257000,18500,25400,185000,254000
18700,25200,187000,252000,18900
25500,189000,255000,19000,25200
190000,252000,19100,25300,191000
253000,19200,25600,192000,256000
19200,25600,192000,256000,19800
25700,198000,257000,20400,25200
204000,252000,21100,25200,211000
252000,21600,25200,216000,252000
22200,25200,222000,252000,22800
24700,228000,247000,22700,24600
227000,246000,22500,24700,225000
247000,22300,24400,223000,244000
22700,24700,227000,247000,23200
24300,232000,243000,23700,24400
237000,244000,23600,24200,236000
242000,23500,23700,235000,237000
23500,24200,235000,242000,24100
23900,241000,239000,24800,24000
248000,240000,25400,23600,254000
236000,25500,24300,255000,243000
25600,23700,256000,237000,25700
23500,257000,235000,26400,23600
264000,236000,27100,23500,271000
235000,27800,23500,278000,235000
27600,23400,276000,234000,27400
23400,274000,234000,27200,22900
272000,229000,27500,22900,275000
229000,27700,22600,277000,226000
28000,22700,280000,227000,28000
22900,280000,229000,28100,22500
281000,225000,28100,22800,281000
228000,28500,22600,285000,226000
28900,22600,289000,226000,29300
22200,293000,222000,29100,21800
291000,218000,29000,22500,290000
225000,28800,21800,288000,218000
29200,22200,292000,222000,29600
21600,296000,216000,30000,21500
3e+05,215000,30200,21900,302000
219000,30400,21200,304000,212000
30600,21600,306000,216000,30500
21700,305000,217000,30400,21600
304000,216000,30300,21400,303000
214000,30300,27200,303000,272000
30200,27700,302000,277000,30100
27000,301000,270000,30100,27200
301000,272000,30100,26700,301000
267000,30200,26400,302000,264000
30700,26500,307000,265000,31200
26800,312000,268000,31700,26200
317000,262000,30900,26500,309000
265000,30100,26800,301000,268000
29300,26300,293000,263000,29900
26300,299000,263000,30500,26400
305000,264000,31200,25900,312000
259000,31100,25900,311000,259000
31200,25500,312000,255000,31200
25900,312000,259000,30900,25500
309000,255000,30600,26200,306000
262000,30300,25900,303000,259000
30700,25400,307000,254000,31100
25700,311000,257000,31600,25700
316000,257000,31200,25400,312000
254000,30800,25200,308000,252000
30500,25500,305000,255000,30400
25200,304000,252000,30400,25300
304000,253000,30400,25600,304000
256000,30400,25600,304000,256000
30400,25700,304000,257000,30300
25200,303000,252000,30000,25200
3e+05,252000,29700,25200,297000
252000,29300,25200,293000,252000
29300,24700,293000,247000,29400
24600,294000,246000,29400,24700
294000,247000,29900,24400,299000
244000,30400,24700,304000,247000
30900,24300,309000,243000,30000
24400,3e+05,244000,29100,24200
291000,242000,28200,23700,282000
237000,28200,24200,282000,242000
28300,23900,283000,239000,28400
24000,284000,240000,28100,23600
281000,236000,27800,24300,278000
243000,27500,23700,275000,237000
27500,23500,275000,235000,27400
23600,274000,236000,27400,23500
274000,235000,27300,23500,273000
235000,27300,23400,273000,234000
27300,23400,273000,234000,27100
22900,271000,229000,27100,22900
271000,229000,27000,22600,270000
226000,26400,22700,264000,227000
25800,22900,258000,229000,25200
22500,252000,225000,24900,22800
249000,228000,24500,22600,245000
226000,24200,22600,242000,226000
23700,22200,237000,222000,23300
21800,233000,218000,22800,22500
228000,225000,22700,21800,227000
218000,22500,22200,225000,222000
22400,21600,224000,216000,22000
21500,220000,215000,21500,21900
215000,219000,21100,21200,211000
212000,21100,21600,211000,216000
21100,21700,211000,217000,21100
21600,211000,216000,20700,21400
207000,214000,20300,27200,203000
272000,19900,27700,199000,277000
18800,27000,188000,270000,17600
27200,176000,272000,16500,26700
165000,267000,16900,26400,169000
264000,17400,26500,174000,265000
17800,26800,178000,268000,17600
26200,176000,262000,17400,26500
174000,265000,17100,26800,171000
268000,17100,26300,171000,263000
17100,26300,171000,263000,17000
26400,170000,264000,17500,25900
175000,259000,18000,25900,180000
259000,18500,25500,185000,255000
18400,25900,184000,259000,18300
25500,183000,255000,18200,26200
182000,262000,18800,25900,188000
259000,19400,25400,194000,254000
20000,25700,2e+05,257000,20000
25700,2e+05,257000,20000,25400
2e+05,254000,20000,25200,2e+05
252000,20800,25500,208000,255000
21700,25200,217000,252000,22500
25300,225000,253000,22500,25600
225000,256000,22400,25600,224000
256000,22300,25700,223000,257000
22800,25200,228000,252000,23300
25200,233000,252000,23700,25200
237000,252000,23300,25200,233000
252000,22900,24700,229000,247000
22400,24600,224000,246000,23200
24700,232000,247000,23900,24400
239000,244000,24700,24700,247000
247000,24900,24300,249000,243000
25200,24400,252000,244000,25400
24200,254000,242000,25500,23700
255000,237000,25700,24200,257000
242000,25800,23900,258000,239000
26200,24000,262000,240000,26500
23600,265000,236000,26900,24300
269000,243000,27800,23700,278000
237000,28700,23500,287000,235000
29600,23600,296000,236000,29400
23500,294000,235000,29100,23500
291000,235000,28900,23400,289000
234000,29200,23400,292000,234000
29600,22900,296000,229000,30000
22900,3e+05,229000,29500,22600
295000,226000,28900,22700,289000
227000,28300,22900,283000,229000
28700,22500,287000,225000,29200
22800,292000,228000,29600,22600
296000,226000,29500,22600,295000
226000,29400,22200,294000,222000
29200,21800,292000,218000,29300
22500,293000,225000,29400,21800
294000,218000,29500,22200,295000
222000,29300,21600,293000,216000
29100,21500,291000,215000,28900
21900,289000,219000,29100,21200
291000,212000,29300,21600,293000
216000,29500,21700,295000,217000
29000,21600,290000,216000,28500
21400,285000,214000,28000,27200
280000,272000
